0 info it worked if it ends with ok
1 verbose cli [ 'C:\\Program Files\\nodejs\\node.exe',
1 verbose cli   'C:\\Program Files\\nodejs\\node_modules\\npm\\bin\\npm-cli.js',
1 verbose cli   'install',
1 verbose cli   'gphoto2',
1 verbose cli   '--save' ]
2 info using npm@2.14.20
3 info using node@v4.4.1
4 verbose install initial load of C:\Users\gotea\Documents\GitHub\NodeBooth\package.json
5 warn package.json nodebooth@0.0.1 No repository field.
6 warn package.json nodebooth@0.0.1 No README data
7 verbose installManyTop reading scoped package data from C:\Users\gotea\Documents\GitHub\NodeBooth\node_modules\express\package.json
8 verbose installManyTop reading scoped package data from C:\Users\gotea\Documents\GitHub\NodeBooth\node_modules\imagemagick-stream\package.json
9 info package.json imagemagick-stream@4.1.0 No license field.
10 verbose readDependencies loading dependencies from C:\Users\gotea\Documents\GitHub\NodeBooth\package.json
11 silly cache add args [ 'gphoto2', null ]
12 verbose cache add spec gphoto2
13 silly cache add parsed spec Result {
13 silly cache add   raw: 'gphoto2',
13 silly cache add   scope: null,
13 silly cache add   name: 'gphoto2',
13 silly cache add   rawSpec: '',
13 silly cache add   spec: 'latest',
13 silly cache add   type: 'tag' }
14 silly addNamed gphoto2@latest
15 verbose addNamed "latest" is being treated as a dist-tag for gphoto2
16 info addNameTag [ 'gphoto2', 'latest' ]
17 silly mapToRegistry name gphoto2
18 silly mapToRegistry using default registry
19 silly mapToRegistry registry https://registry.npmjs.org/
20 silly mapToRegistry uri https://registry.npmjs.org/gphoto2
21 verbose addNameTag registry:https://registry.npmjs.org/gphoto2 not in flight; fetching
22 verbose request uri https://registry.npmjs.org/gphoto2
23 verbose request no auth needed
24 info attempt registry request try #1 at 8:40:35 AM
25 verbose request id f2d1a607558c6fad
26 http request GET https://registry.npmjs.org/gphoto2
27 http 200 https://registry.npmjs.org/gphoto2
28 verbose headers { server: 'CouchDB/1.5.0 (Erlang OTP/R16B03)',
28 verbose headers   etag: '"E608OKTRRQ46IQI2TBIDEJT42"',
28 verbose headers   'content-type': 'application/json',
28 verbose headers   'cache-control': 'max-age=300',
28 verbose headers   'content-length': '26502',
28 verbose headers   'accept-ranges': 'bytes',
28 verbose headers   date: 'Wed, 11 May 2016 15:40:26 GMT',
28 verbose headers   via: '1.1 varnish',
28 verbose headers   age: '0',
28 verbose headers   connection: 'keep-alive',
28 verbose headers   'x-served-by': 'cache-sjc3134-SJC',
28 verbose headers   'x-cache': 'MISS',
28 verbose headers   'x-cache-hits': '0',
28 verbose headers   'x-timer': 'S1462981226.711481,VS0,VE173',
28 verbose headers   vary: 'Accept-Encoding' }
29 silly get cb [ 200,
29 silly get   { server: 'CouchDB/1.5.0 (Erlang OTP/R16B03)',
29 silly get     etag: '"E608OKTRRQ46IQI2TBIDEJT42"',
29 silly get     'content-type': 'application/json',
29 silly get     'cache-control': 'max-age=300',
29 silly get     'content-length': '26502',
29 silly get     'accept-ranges': 'bytes',
29 silly get     date: 'Wed, 11 May 2016 15:40:26 GMT',
29 silly get     via: '1.1 varnish',
29 silly get     age: '0',
29 silly get     connection: 'keep-alive',
29 silly get     'x-served-by': 'cache-sjc3134-SJC',
29 silly get     'x-cache': 'MISS',
29 silly get     'x-cache-hits': '0',
29 silly get     'x-timer': 'S1462981226.711481,VS0,VE173',
29 silly get     vary: 'Accept-Encoding' } ]
30 verbose get saving gphoto2 to C:\Users\gotea\AppData\Roaming\npm-cache\registry.npmjs.org\gphoto2\.cache.json
31 verbose correctMkdir C:\Users\gotea\AppData\Roaming\npm-cache correctMkdir not in flight; initializing
32 silly addNameTag next cb for gphoto2 with tag latest
33 silly addNamed gphoto2@0.1.7
34 verbose addNamed "0.1.7" is a plain semver version for gphoto2
35 silly mapToRegistry name gphoto2
36 silly mapToRegistry using default registry
37 silly mapToRegistry registry https://registry.npmjs.org/
38 silly mapToRegistry uri https://registry.npmjs.org/gphoto2
39 verbose addRemoteTarball https://registry.npmjs.org/gphoto2/-/gphoto2-0.1.7.tgz not in flight; adding
40 verbose addRemoteTarball [ 'https://registry.npmjs.org/gphoto2/-/gphoto2-0.1.7.tgz',
40 verbose addRemoteTarball   '8460333493474a656b8a0af22a45b69d1ed9fe74' ]
41 info retry fetch attempt 1 at 8:40:36 AM
42 info attempt registry request try #1 at 8:40:36 AM
43 http fetch GET https://registry.npmjs.org/gphoto2/-/gphoto2-0.1.7.tgz
44 http fetch 200 https://registry.npmjs.org/gphoto2/-/gphoto2-0.1.7.tgz
45 silly fetchAndShaCheck shasum 8460333493474a656b8a0af22a45b69d1ed9fe74
46 verbose addTmpTarball C:\Users\gotea\AppData\Local\Temp\npm-1472-cfc33fd0\registry.npmjs.org\gphoto2\-\gphoto2-0.1.7.tgz not in flight; adding
47 verbose addTmpTarball already have metadata; skipping unpack for gphoto2@0.1.7
48 verbose correctMkdir C:\Users\gotea\AppData\Roaming\npm-cache correctMkdir not in flight; initializing
49 silly cache afterAdd gphoto2@0.1.7
50 verbose afterAdd C:\Users\gotea\AppData\Roaming\npm-cache\gphoto2\0.1.7\package\package.json not in flight; writing
51 verbose correctMkdir C:\Users\gotea\AppData\Roaming\npm-cache correctMkdir not in flight; initializing
52 verbose afterAdd C:\Users\gotea\AppData\Roaming\npm-cache\gphoto2\0.1.7\package\package.json written
53 silly install resolved [ { author: { name: 'Leonhardt Wille', email: 'wille@riverlabs.de' },
53 silly install resolved     name: 'gphoto2',
53 silly install resolved     description: 'Node.js wrapper for libgphoto2',
53 silly install resolved     version: '0.1.7',
53 silly install resolved     homepage: 'https://github.com/lwille/node-gphoto2',
53 silly install resolved     repository: { type: 'git', url: 'git://github.com/lwille/node-gphoto2.git' },
53 silly install resolved     engines: { node: '~0.10.0' },
53 silly install resolved     os: [ 'darwin', 'linux' ],
53 silly install resolved     main: 'build/Release/gphoto2.node',
53 silly install resolved     dependencies: {},
53 silly install resolved     devDependencies:
53 silly install resolved      { async: '^0.2.10',
53 silly install resolved        'coffee-script': '^1.7.1',
53 silly install resolved        express: '^3.1.2',
53 silly install resolved        jade: '^0.28.2',
53 silly install resolved        mocha: '^1.9.0',
53 silly install resolved        'pre-commit': '^0.0.8',
53 silly install resolved        should: '^1.2.2',
53 silly install resolved        sinon: '^1.6.0',
53 silly install resolved        superagent: '^0.14.9',
53 silly install resolved        underscore: '^1.4.4' },
53 silly install resolved     'pre-commit': [ 'cpplint' ],
53 silly install resolved     scripts:
53 silly install resolved      { cpplint: 'util/cpplint.sh',
53 silly install resolved        prepublish: 'npm run cpplint',
53 silly install resolved        preinstall: '((which pkg-config && pkg-config libgphoto2) || (which dpkg && dpkg -s libgphoto2-2-dev) || (which brew && brew list libgphoto2) || (echo \'ERROR: libgphoto2 seems not to be installed.\' 1>&2; exit 1)) && node-gyp rebuild',
53 silly install resolved        test: 'node_modules/mocha/bin/mocha' },
53 silly install resolved     license: 'MIT',
53 silly install resolved     contributors: [ [Object], [Object], [Object], [Object], [Object], [Object] ],
53 silly install resolved     gitHead: 'ba9a9b91a0401ac3711c8e41505c0b2c487b42c7',
53 silly install resolved     bugs: { url: 'https://github.com/lwille/node-gphoto2/issues' },
53 silly install resolved     _id: 'gphoto2@0.1.7',
53 silly install resolved     _shasum: '8460333493474a656b8a0af22a45b69d1ed9fe74',
53 silly install resolved     _from: 'gphoto2@latest',
53 silly install resolved     _npmVersion: '1.4.28',
53 silly install resolved     _npmUser: { name: 'lwille', email: 'hallo@leonhardt-wille.de' },
53 silly install resolved     maintainers: [ [Object] ],
53 silly install resolved     dist:
53 silly install resolved      { shasum: '8460333493474a656b8a0af22a45b69d1ed9fe74',
53 silly install resolved        tarball: 'https://registry.npmjs.org/gphoto2/-/gphoto2-0.1.7.tgz' },
53 silly install resolved     directories: {},
53 silly install resolved     _resolved: 'https://registry.npmjs.org/gphoto2/-/gphoto2-0.1.7.tgz' } ]
54 info install gphoto2@0.1.7 into C:\Users\gotea\Documents\GitHub\NodeBooth
55 info installOne gphoto2@0.1.7
56 verbose installOne of gphoto2 to C:\Users\gotea\Documents\GitHub\NodeBooth not in flight; installing
57 verbose correctMkdir C:\Users\gotea\AppData\Roaming\npm-cache\_locks correctMkdir not in flight; initializing
58 verbose lock using C:\Users\gotea\AppData\Roaming\npm-cache\_locks\gphoto2-c40afa5d04edbbad.lock for C:\Users\gotea\Documents\GitHub\NodeBooth\node_modules\gphoto2
59 warn engine gphoto2@0.1.7: wanted: {"node":"~0.10.0"} (current: {"node":"4.4.1","npm":"2.14.20"})
60 verbose unlock done using C:\Users\gotea\AppData\Roaming\npm-cache\_locks\gphoto2-c40afa5d04edbbad.lock for C:\Users\gotea\Documents\GitHub\NodeBooth\node_modules\gphoto2
61 verbose stack Error: Unsupported
61 verbose stack     at checkPlatform (C:\Program Files\nodejs\node_modules\npm\node_modules\npm-install-checks\index.js:47:14)
61 verbose stack     at Array.<anonymous> (C:\Program Files\nodejs\node_modules\npm\node_modules\slide\lib\bind-actor.js:15:8)
61 verbose stack     at LOOP (C:\Program Files\nodejs\node_modules\npm\node_modules\slide\lib\chain.js:15:14)
61 verbose stack     at C:\Program Files\nodejs\node_modules\npm\node_modules\slide\lib\chain.js:18:7
61 verbose stack     at checkEngine (C:\Program Files\nodejs\node_modules\npm\node_modules\npm-install-checks\index.js:26:10)
61 verbose stack     at Array.<anonymous> (C:\Program Files\nodejs\node_modules\npm\node_modules\slide\lib\bind-actor.js:15:8)
61 verbose stack     at LOOP (C:\Program Files\nodejs\node_modules\npm\node_modules\slide\lib\chain.js:15:14)
61 verbose stack     at chain (C:\Program Files\nodejs\node_modules\npm\node_modules\slide\lib\chain.js:20:5)
61 verbose stack     at C:\Program Files\nodejs\node_modules\npm\lib\install.js:1038:5
61 verbose stack     at C:\Program Files\nodejs\node_modules\npm\lib\utils\locker.js:39:7
62 verbose pkgid gphoto2@0.1.7
63 verbose cwd C:\Users\gotea\Documents\GitHub\NodeBooth
64 error Windows_NT 10.0.10586
65 error argv "C:\\Program Files\\nodejs\\node.exe" "C:\\Program Files\\nodejs\\node_modules\\npm\\bin\\npm-cli.js" "install" "gphoto2" "--save"
66 error node v4.4.1
67 error npm  v2.14.20
68 error code EBADPLATFORM
69 error notsup Unsupported
69 error notsup Not compatible with your operating system or architecture: gphoto2@0.1.7
69 error notsup Valid OS:    darwin,linux
69 error notsup Valid Arch:  any
69 error notsup Actual OS:   win32
69 error notsup Actual Arch: x64
70 verbose exit [ 1, true ]
